<?xml version="1.0" encoding="UTF-8"?>
<testng-results skipped="0" failed="0" total="1" passed="1">
  <reporter-output>
  </reporter-output>
  <suite name="Default suite" duration-ms="129346" started-at="2015-10-12T06:00:19Z" finished-at="2015-10-12T06:02:28Z">
    <groups>
    </groups>
    <test name="Default test" duration-ms="129346" started-at="2015-10-12T06:00:19Z" finished-at="2015-10-12T06:02:28Z">
      <class name="MII.FAQ">
        <test-method status="PASS" signature="browser()[pri:0, instance:MII.FAQ@362024a6]" name="browser" is-config="true" duration-ms="17882" started-at="2015-10-12T11:30:19Z" finished-at="2015-10-12T11:30:37Z">
          <reporter-output>
          </reporter-output>
        </test-method> <!-- browser -->
        <test-method status="PASS" signature="MakeinIndia()[pri:0, instance:MII.FAQ@362024a6]" name="MakeinIndia" duration-ms="109886" started-at="2015-10-12T11:30:37Z" finished-at="2015-10-12T11:32:26Z">
          <reporter-output>
          </reporter-output>
        </test-method> <!-- MakeinIndia -->
        <test-method status="PASS" signature="close()[pri:0, instance:MII.FAQ@362024a6]" name="close" is-config="true" duration-ms="1542" started-at="2015-10-12T11:32:26Z" finished-at="2015-10-12T11:32:28Z">
          <reporter-output>
          </reporter-output>
        </test-method> <!-- close -->
      </class> <!-- MII.FAQ -->
    </test> <!-- Default test -->
  </suite> <!-- Default suite -->
</testng-results>
